<?xml version="1.0" encoding="UTF-8"?>
<testsuite name="Credit Details Validation"
           tests="3"
           failures="0"
           errors="0"
           skipped="0"
           time="20.113">
    <properties></properties>



            <testcase
                name="validate_credit_card_details"
                time="19.780"
                classname="Capstone_Project.Credit_Card_Validation">
            </testcase>
            <testcase
                name="insert_credit_card_details"
                time="0.183"
                classname="Capstone_Project.Credit_Card_Validation">
            </testcase>
            <testcase
                name="insert_credit_card_and_pan"
                time="0.150"
                classname="Capstone_Project.Credit_Card_Validation">
            </testcase>
</testsuite>
